------------ ------ ------------ -------------
Name          Type     Class        Lines    
------------ ------ ------------ -------------
else         undef    KEYWORD       14   24 
(            undef    PUNCTUATORS    7   11   12   18   20   21   22   23   25 
)            undef    PUNCTUATORS    7   11   12   18   20   21   22   23   25 
"Negative"   undef    CONST         25 
+            undef    OP             4 
,            undef    PUNCTUATORS    6    6    6   18 
/            undef    OP            15 
0            undef    CONST          7   12   13   16   20   22 
1            undef    CONST         10   11 
:            undef    PUNCTUATORS   11   12   14 
=            undef    OP             2    3    4    6   10   13   15   16 
"Zero"       undef    CONST         23 
>            undef    OP            20 
"Positive"   undef    CONST         21 
Alist        undef    ID             6    7 
[            undef    PUNCTUATORS    6    7 
]            undef    PUNCTUATORS    6    7 
.0           undef    CONST          3 
a            undef    ID            15 
10           undef    CONST          2    6 
calculate    undef    ID            18 
b            undef    ID            12   15 
30           undef    CONST          6 
50           undef    CONST          6 
70           undef    CONST          6 
while        undef    KEYWORD       11 
res          undef    ID            13   15 
x            undef    ID             2    4   18   20   22 
y            undef    ID             3    4   18 
==           undef    OP            11   12   22 
z            undef    ID             4 
print        undef    ID             7   21   23   25 
20.0         undef    CONST          3 
flag         undef    ID            10   11   16 
elif         undef    KEYWORD       22 
if           undef    KEYWORD       12   20 
